<?xml version="1.0" encoding="UTF-8"?>
<testsuite name="org.example.TreeTest" tests="1" skipped="0" failures="0" errors="0" timestamp="2023-12-06T13:48:15" hostname="DRMAKANIN" time="0.05">
  <properties/>
  <testcase name="toStringTest()" classname="org.example.TreeTest" time="0.05"/>
  <system-out><![CDATA[]]></system-out>
  <system-err><![CDATA[]]></system-err>
</testsuite>
