<?xml version="1.0" encoding="UTF-8"?>
<testsuite name="org.example.PolynomialTest" tests="7" skipped="0" failures="0" errors="0" timestamp="2023-12-06T16:44:30" hostname="DRMAKANIN" time="0.081">
  <properties/>
  <testcase name="plus_Test()" classname="org.example.PolynomialTest" time="0.04"/>
  <testcase name="evaluate_Test()" classname="org.example.PolynomialTest" time="0.002"/>
  <testcase name="equals_false_Test()" classname="org.example.PolynomialTest" time="0.002"/>
  <testcase name="equals_true_Test()" classname="org.example.PolynomialTest" time="0.003"/>
  <testcase name="times_Test()" classname="org.example.PolynomialTest" time="0.007"/>
  <testcase name="differentiate_Test()" classname="org.example.PolynomialTest" time="0.002"/>
  <testcase name="minus_Test()" classname="org.example.PolynomialTest" time="0.004"/>
  <system-out><![CDATA[]]></system-out>
  <system-err><![CDATA[]]></system-err>
</testsuite>
