<?xml version="1.0" encoding="UTF-8"?>
<testsuite name="HeapTest" tests="1" skipped="0" failures="0" errors="0" timestamp="2023-12-20T11:44:05" hostname="DRMAKANIN" time="0.02">
  <properties/>
  <testcase name="negativeTest()" classname="HeapTest" time="0.02"/>
  <system-out><![CDATA[]]></system-out>
  <system-err><![CDATA[]]></system-err>
</testsuite>
