<?xml version="1.0" encoding="UTF-8"?>
<testsuite name="GradeBookTest" tests="1" skipped="0" failures="0" errors="0" timestamp="2023-12-22T06:09:37" hostname="DRMAKANIN" time="0.081">
  <properties/>
  <testcase name="testFalseDiplom()" classname="GradeBookTest" time="0.081"/>
  <system-out><![CDATA[]]></system-out>
  <system-err><![CDATA[]]></system-err>
</testsuite>
